#
# There is insufficient memory for the Java Runtime Environment to continue.
# Native memory allocation (malloc) failed to allocate 1048576 bytes for AllocateHeap
# Possible reasons:
#   The system is out of physical RAM or swap space
#   In 32 bit mode, the process size limit was hit
# Possible solutions:
#   Reduce memory load on the system
#   Increase physical memory or swap space
#   Check if swap backing store is full
#   Use 64 bit Java on a 64 bit OS
#   Decrease Java heap size (-Xmx/-Xms)
#   Decrease number of Java threads
#   Decrease Java thread stack sizes (-Xss)
#   Set larger code cache with -XX:ReservedCodeCacheSize=
# This output file may be truncated or incomplete.
#
#  Out of Memory Error (memory/allocation.inline.hpp:61), pid=7712, tid=7868
#
# JRE version:  (8.0_60-b27) (build )
# Java VM: Java HotSpot(TM) 64-Bit Server VM (25.60-b23 mixed mode windows-amd64 compressed oops)
# Failed to write core dump. Minidumps are not enabled by default on client versions of Windows
#

---------------  T H R E A D  ---------------

Current thread (0x00000000025de000):  JavaThread "Unknown thread" [_thread_in_vm, id=7868, stack(0x0000000002890000,0x0000000002990000)]

Stack: [0x0000000002890000,0x0000000002990000]
[error occurred during error reporting (printing stack bounds), id 0xc0000005]

Native frames: (J=compiled Java code, j=interpreted, Vv=VM code, C=native code)


---------------  P R O C E S S  ---------------

Java Threads: ( => current thread )

Other Threads:

=>0x00000000025de000 (exited) JavaThread "Unknown thread" [_thread_in_vm, id=7868, stack(0x0000000002890000,0x0000000002990000)]

VM state:not at safepoint (normal execution)

VM Mutex/Monitor currently owned by a thread: None

Heap:
 PSYoungGen      total 38400K, used 665K [0x00000000eab00000, 0x00000000ed580000, 0x0000000100000000)
  eden space 33280K, 2% used [0x00000000eab00000,0x00000000eaba6670,0x00000000ecb80000)
  from space 5120K, 0% used [0x00000000ed080000,0x00000000ed080000,0x00000000ed580000)
  to   space 5120K, 0% used [0x00000000ecb80000,0x00000000ecb80000,0x00000000ed080000)
 ParOldGen       total 87552K, used 0K [0x00000000c0000000, 0x00000000c5580000, 0x00000000eab00000)
  object space 87552K, 0% used [0x00000000c0000000,0x00000000c0000000,0x00000000c5580000)
 Metaspace       used 767K, capacity 4480K, committed 4480K, reserved 1056768K
  class space    used 75K, capacity 384K, committed 384K, reserved 1048576K

Card table byte_map: [0x0000000012020000,0x0000000012230000] byte_map_base: 0x0000000011a20000

Marking Bits: (ParMarkBitMap*) 0x0000000070b8a5b0
 Begin Bits: [0x0000000012d30000, 0x0000000013d30000)
 End Bits:   [0x0000000013d30000, 0x0000000014d30000)

Polling page: 0x0000000000270000

CodeCache: size=245760Kb used=328Kb max_used=328Kb free=245431Kb
 bounds [0x0000000002c60000, 0x0000000002ed0000, 0x0000000011c60000]
 total_blobs=57 nmethods=0 adapters=37
 compilation: enabled

Compilation events (0 events):
No events

GC Heap History (0 events):
No events

Deoptimization events (0 events):
No events

Internal exceptions (0 events):
No events

Events (10 events):
Event: 0.030 loading class java/lang/Short
Event: 0.030 loading class java/lang/Short done
Event: 0.030 loading class java/lang/Integer
Event: 0.030 loading class java/lang/Integer done
Event: 0.030 loading class java/lang/Long
Event: 0.030 loading class java/lang/Long done
Event: 0.031 loading class java/lang/NullPointerException
Event: 0.031 loading class java/lang/NullPointerException done
Event: 0.031 loading class java/lang/ArithmeticException
Event: 0.031 loading class java/lang/ArithmeticException done


Dynamic libraries:
0x000000013fa90000 - 0x000000013fac7000 	C:\Program Files\Java\jdk1.8.0_60\bin\java.exe
0x0000000077ad0000 - 0x0000000077c7a000 	C:\windows\SYSTEM32\ntdll.dll
0x00000000779b0000 - 0x0000000077acf000 	C:\windows\system32\kernel32.dll
0x000007fefdaa0000 - 0x000007fefdb0b000 	C:\windows\system32\KERNELBASE.dll
0x000007fefdde0000 - 0x000007fefdebb000 	C:\windows\system32\ADVAPI32.dll
0x000007fefed30000 - 0x000007fefedcf000 	C:\windows\system32\msvcrt.dll
0x000007fefed10000 - 0x000007fefed2f000 	C:\windows\SYSTEM32\sechost.dll
0x000007fefe250000 - 0x000007fefe37d000 	C:\windows\system32\RPCRT4.dll
0x00000000778b0000 - 0x00000000779aa000 	C:\windows\system32\USER32.dll
0x000007fefe840000 - 0x000007fefe8a7000 	C:\windows\system32\GDI32.dll
0x000007fefe400000 - 0x000007fefe40e000 	C:\windows\system32\LPK.dll
0x000007fefeac0000 - 0x000007fefeb8a000 	C:\windows\system32\USP10.dll
0x000007fefc3d0000 - 0x000007fefc5c4000 	C:\windows\WinSxS\amd64_microsoft.windows.common-controls_6595b64144ccf1df_6.0.7601.18837_none_fa3b1e3d17594757\COMCTL32.dll
0x000007fefe380000 - 0x000007fefe3f1000 	C:\windows\system32\SHLWAPI.dll
0x000007fefd8a0000 - 0x000007fefd8f7000 	C:\windows\system32\apphelp.dll
0x000007feee860000 - 0x000007feee8b1000 	C:\windows\AppPatch\AppPatch64\AcGenral.DLL
0x000007fefd870000 - 0x000007fefd895000 	C:\windows\system32\SspiCli.dll
0x000007fefe8b0000 - 0x000007fefeab3000 	C:\windows\system32\ole32.dll
0x000007feff030000 - 0x000007feffdb9000 	C:\windows\system32\SHELL32.dll
0x0000000070150000 - 0x0000000070153000 	C:\windows\system32\sfc.dll
0x000007fef70f0000 - 0x000007fef7100000 	C:\windows\system32\sfc_os.DLL
0x000007fefcd10000 - 0x000007fefcd2e000 	C:\windows\system32\USERENV.dll
0x000007fefd9d0000 - 0x000007fefd9df000 	C:\windows\system32\profapi.dll
0x000007fefbd90000 - 0x000007fefbda8000 	C:\windows\system32\dwmapi.dll
0x000007fef8e30000 - 0x000007fef8e48000 	C:\windows\system32\MPR.dll
0x000007fefe670000 - 0x000007fefe69e000 	C:\windows\system32\IMM32.DLL
0x000007fefe140000 - 0x000007fefe249000 	C:\windows\system32\MSCTF.dll
0x0000000075760000 - 0x0000000075798000 	C:\PROGRA~2\Sophos\SOPHOS~1\SOPHOS~2.DLL
0x0000000077c90000 - 0x0000000077c97000 	C:\windows\system32\PSAPI.DLL
0x0000000050290000 - 0x0000000050362000 	C:\Program Files\Java\jdk1.8.0_60\jre\bin\msvcr100.dll
0x0000000070380000 - 0x0000000070c09000 	C:\Program Files\Java\jdk1.8.0_60\jre\bin\server\jvm.dll
0x000007feef560000 - 0x000007feef569000 	C:\windows\system32\WSOCK32.dll
0x000007fefefe0000 - 0x000007feff02d000 	C:\windows\system32\WS2_32.dll
0x000007fefe700000 - 0x000007fefe708000 	C:\windows\system32\NSI.dll
0x000007fefbac0000 - 0x000007fefbafb000 	C:\windows\system32\WINMM.dll
0x000007fefcba0000 - 0x000007fefcbac000 	C:\windows\system32\VERSION.dll
0x0000000073140000 - 0x000000007314f000 	C:\Program Files\Java\jdk1.8.0_60\jre\bin\verify.dll
0x0000000057480000 - 0x00000000574a9000 	C:\Program Files\Java\jdk1.8.0_60\jre\bin\java.dll
0x000000005d320000 - 0x000000005d336000 	C:\Program Files\Java\jdk1.8.0_60\jre\bin\zip.dll

VM Arguments:
jvm_args: -Xmx1024M -Dfile.encoding=windows-1250 -Duser.country=US -Duser.language=en -Duser.variant 
java_command: com.android.dx.command.Main --dex --num-threads=4 --output C:\Users\gbielanski\AdMobKata\app\build\intermediates\pre-dexed\debug\support-annotations-23.1.1-89fd05bf964b8fa3466cc4ab7b462d95dc330f03.jar C:\Users\gbielanski\AppData\Local\Android\sdk1\extras\android\m2repository\com\android\support\support-annotations\23.1.1\support-annotations-23.1.1.jar
java_class_path (initial): C:\Users\gbielanski\AppData\Local\Android\sdk1\build-tools\23.0.0\lib\dx.jar
Launcher Type: SUN_STANDARD

Environment Variables:
JAVA_HOME=c:\Program Files\Java\jdk1.7.0_79\
PATH=C:\ProgramData\Oracle\Java\javapath;C:\windows\system32;C:\windows;C:\windows\System32\Wbem;C:\windows\System32\WindowsPowerShell\v1.0\;C:\Program Files (x86)\Git\cmd;C:\Program Files (x86)\GtkSharp\2.12\bin
USERNAME=gbielanski
OS=Windows_NT
PROCESSOR_IDENTIFIER=Intel64 Family 6 Model 42 Stepping 7, GenuineIntel



---------------  S Y S T E M  ---------------

OS: Windows 7 , 64 bit Build 7601 (6.1.7601.19160)

CPU:total 8 (4 cores per cpu, 2 threads per core) family 6 model 42 stepping 7, cmov, cx8, fxsr, mmx, sse, sse2, sse3, ssse3, sse4.1, sse4.2, popcnt, avx, aes, clmul, ht, tsc, tscinvbit

Memory: 4k page, physical 8344624k(1265128k free), swap 9383172k(18972k free)

vm_info: Java HotSpot(TM) 64-Bit Server VM (25.60-b23) for windows-amd64 JRE (1.8.0_60-b27), built on Aug  4 2015 11:06:27 by "java_re" with MS VC++ 10.0 (VS2010)

time: Wed Jun 01 11:48:17 2016
elapsed time: 0 seconds (0d 0h 0m 0s)

